<?xml version="1.0" encoding="UTF-8"?>
<testng-results ignored="0" total="1" passed="1" failed="0" skipped="0">
  <reporter-output>
  </reporter-output>
  <suite started-at="2020-09-14T17:47:15 EDT" name="Default suite" finished-at="2020-09-14T17:47:54 EDT" duration-ms="39075">
    <groups>
    </groups>
    <test started-at="2020-09-14T17:47:15 EDT" name="Default test" finished-at="2020-09-14T17:47:54 EDT" duration-ms="39075">
      <class name="com.webappsecurity.zero.TestScriptsp.VerifyFundTransferTestP">
        <test-method is-config="true" signature="openApplication()[pri:0, instance:com.webappsecurity.zero.TestScriptsp.VerifyFundTransferTestP@2fd6b6c7]" started-at="2020-09-14T17:47:15 EDT" name="openApplication" finished-at="2020-09-14T17:47:25 EDT" duration-ms="9938" status="PASS">
          <reporter-output>
          </reporter-output>
        </test-method> <!-- openApplication -->
        <test-method signature="verifyFundTransfer()[pri:0, instance:com.webappsecurity.zero.TestScriptsp.VerifyFundTransferTestP@2fd6b6c7]" started-at="2020-09-14T17:47:25 EDT" name="verifyFundTransfer" finished-at="2020-09-14T17:47:54 EDT" duration-ms="28928" status="PASS">
          <reporter-output>
          </reporter-output>
        </test-method> <!-- verifyFundTransfer -->
      </class> <!-- com.webappsecurity.zero.TestScriptsp.VerifyFundTransferTestP -->
    </test> <!-- Default test -->
  </suite> <!-- Default suite -->
</testng-results>
